Thu, 24 Nov 2016 15:39:48 +0100	INFO	Saved regstration for 6275980474000111495 for event hr161205
Thu, 24 Nov 2016 15:39:49 +0100	INFO	Sent confirmation mail to vedrana1980@yahoo.com
Thu, 24 Nov 2016 20:32:26 +0100	INFO	Saved regstration for 6275980477001184049 for event hr161205
Thu, 24 Nov 2016 20:32:26 +0100	INFO	Sent confirmation mail to ldomjanov@hotmail.com
Fri, 25 Nov 2016 07:36:06 +0100	INFO	Saved regstration for 6275980470040006216 for event hr161205
Fri, 25 Nov 2016 07:36:06 +0100	INFO	Sent confirmation mail to ninasose@net.hr
Fri, 25 Nov 2016 09:28:27 +0100	INFO	Saved regstration for 6275980474014235744 for event hr161205
Fri, 25 Nov 2016 09:28:27 +0100	INFO	Sent confirmation mail to majic.marijana@gmail.com
Fri, 25 Nov 2016 11:28:33 +0100	INFO	Saved regstration for 6275980474011413906 for event hr161205
Fri, 25 Nov 2016 11:28:34 +0100	INFO	Sent confirmation mail to maja.greguric@rtl.hr
Fri, 25 Nov 2016 21:47:08 +0100	INFO	Saved regstration for 6275980470040615164 for event hr161205
Fri, 25 Nov 2016 21:47:08 +0100	INFO	Sent confirmation mail to danijelak34@hotmail.com
Sat, 26 Nov 2016 08:02:47 +0100	INFO	Saved regstration for 6275980477001021688 for event hr161205
Sat, 26 Nov 2016 08:02:47 +0100	INFO	Sent confirmation mail to lana.vecerin@gmail.com
Sat, 26 Nov 2016 15:20:08 +0100	INFO	Saved regstration for 6275980470041703589 for event hr161205
Sat, 26 Nov 2016 15:20:09 +0100	INFO	Sent confirmation mail to ana.skrmeta@gmail.com
Sun, 27 Nov 2016 13:39:22 +0100	INFO	Saved regstration for 6275980474001787087 for event hr161205
Sun, 27 Nov 2016 13:39:22 +0100	INFO	Sent confirmation mail to dbalija51@gmail.com
Sun, 27 Nov 2016 15:18:28 +0100	INFO	Saved regstration for 6275980474007902474 for event hr161205
Sun, 27 Nov 2016 15:18:28 +0100	INFO	Sent confirmation mail to habulin.miljenko@gmail.com
Sun, 27 Nov 2016 15:36:19 +0100	INFO	Registration blocked for 6275980474007902474 for event hr161205
Sun, 27 Nov 2016 18:02:27 +0100	INFO	Saved regstration for 6275980474012407394 for event hr161205
Sun, 27 Nov 2016 18:02:28 +0100	INFO	Sent confirmation mail to nenad.malenica@gmail.com
Mon, 28 Nov 2016 08:34:34 +0100	INFO	Saved regstration for 6275980474002119629 for event hr161205
Mon, 28 Nov 2016 08:34:34 +0100	INFO	Sent confirmation mail to sonja.sare@bauholding.com
Mon, 28 Nov 2016 11:29:49 +0100	INFO	Saved regstration for 6275980474004547942 for event hr161205
Mon, 28 Nov 2016 11:29:49 +0100	INFO	Sent confirmation mail to iva.gredelj@span.eu
Mon, 28 Nov 2016 12:51:25 +0100	INFO	Saved regstration for 6275980470040845001 for event hr161205
Mon, 28 Nov 2016 12:51:25 +0100	INFO	Sent confirmation mail to 2004teazimic@gmail.com
Mon, 28 Nov 2016 13:01:13 +0100	INFO	Saved regstration for 6275980474008418421 for event hr161205
Mon, 28 Nov 2016 13:01:14 +0100	INFO	Sent confirmation mail to marina.glavas@ffzg.hr
Tue, 29 Nov 2016 13:14:53 +0100	INFO	Saved regstration for 6275980471234567890 for event hr161208
Tue, 29 Nov 2016 13:14:53 +0100	INFO	Sent confirmation mail to ibrahim.alali@itando.net
Tue, 29 Nov 2016 13:22:06 +0100	INFO	Saved regstration for 6275980471234567980 for event hr161213
Tue, 29 Nov 2016 13:22:06 +0100	INFO	Sent confirmation mail to ibrahim.alali@itando.net
Fri, 02 Dec 2016 22:49:52 +0100	INFO	Saved regstration for 6275980474000562010 for event hr161213
Fri, 02 Dec 2016 22:49:52 +0100	INFO	Sent confirmation mail to nikola@nulaosam.hr
Fri, 02 Dec 2016 23:59:46 +0100	INFO	Saved regstration for 6275980470043087502 for event hr161213
Fri, 02 Dec 2016 23:59:46 +0100	INFO	Sent confirmation mail to tinasojat25@yahoo.com
Sat, 03 Dec 2016 09:43:49 +0100	INFO	Saved regstration for 6275980470040615164 for event hr161213
Sat, 03 Dec 2016 09:43:49 +0100	INFO	Sent confirmation mail to danijelak34@hotmail.com
Sat, 03 Dec 2016 16:09:09 +0100	INFO	Saved regstration for 6275980477001021688 for event hr161213
Sat, 03 Dec 2016 16:09:09 +0100	INFO	Sent confirmation mail to lana.vecerin@gmail.com
Sat, 03 Dec 2016 23:04:16 +0100	INFO	Saved regstration for 6275980474003314716 for event hr161213
Sat, 03 Dec 2016 23:04:16 +0100	INFO	Sent confirmation mail to martina.dragicevic@gmail.com
Sun, 04 Dec 2016 09:44:23 +0100	INFO	Saved regstration for 627598047 for event hr161213
Sun, 04 Dec 2016 09:44:23 +0100	INFO	Sent confirmation mail to maja_bogovic@yahoo.com
Sun, 04 Dec 2016 11:35:53 +0100	INFO	Saved regstration for 6275980474002079112 for event hr161213
Sun, 04 Dec 2016 11:35:53 +0100	INFO	Sent confirmation mail to ljtomic5@gmail.com
Sun, 04 Dec 2016 14:19:35 +0100	INFO	Saved regstration for 6275980474007902474 for event hr161213
Sun, 04 Dec 2016 14:19:35 +0100	INFO	Sent confirmation mail to habulin.miljenko@gmail.com
Sun, 04 Dec 2016 15:13:16 +0100	INFO	Saved regstration for 6275980470040845001 for event hr161213
Sun, 04 Dec 2016 15:13:16 +0100	INFO	Sent confirmation mail to 2004teazimic@gmail.com
Sun, 04 Dec 2016 15:15:49 +0100	INFO	Saved regstration for 6275980474011413906 for event hr161213
Sun, 04 Dec 2016 15:15:50 +0100	INFO	Sent confirmation mail to maja.greguric@rtl.hr
Sun, 04 Dec 2016 20:51:42 +0100	INFO	Saved regstration for 6275980474011767921 for event hr161213
Sun, 04 Dec 2016 20:51:42 +0100	INFO	Sent confirmation mail to sarabilicknezevic@yahoo.com
Mon, 05 Dec 2016 08:37:34 +0100	INFO	Saved regstration for 6275980474014235744 for event hr161213
Mon, 05 Dec 2016 08:37:34 +0100	INFO	Sent confirmation mail to majic.marijana@gmail.com
Mon, 05 Dec 2016 11:44:02 +0100	INFO	Saved regstration for 6275980470044543156 for event hr161213
Mon, 05 Dec 2016 11:44:02 +0100	INFO	Sent confirmation mail to rmarinovic3@gmail.com
Mon, 05 Dec 2016 14:19:02 +0100	INFO	Saved regstration for 6275980474012407394 for event hr161213
Mon, 05 Dec 2016 14:19:02 +0100	INFO	Sent confirmation mail to nenad.malenica@gmail.com
Tue, 06 Dec 2016 13:48:36 +0100	INFO	Saved regstration for 6275980470042969148 for event hr161213
Tue, 06 Dec 2016 13:48:36 +0100	INFO	Sent confirmation mail to danchy77@gmail.com
Thu, 08 Dec 2016 10:41:45 +0100	INFO	Saved regstration for 6275980470041975005 for event hr161213
Thu, 08 Dec 2016 10:41:46 +0100	INFO	Sent confirmation mail to marko.vlajcevic@inet.hr
Thu, 08 Dec 2016 10:48:06 +0100	INFO	Saved regstration for 6275980470211227790 for event hr161213
Thu, 08 Dec 2016 10:48:07 +0100	INFO	Sent confirmation mail to kr.ni.bel@gmail.com
Thu, 08 Dec 2016 12:16:47 +0100	INFO	Saved regstration for 6275980470043472878 for event hr161213
Thu, 08 Dec 2016 12:16:47 +0100	INFO	Sent confirmation mail to sasa.radic@gmail.com
Thu, 08 Dec 2016 12:38:41 +0100	INFO	Saved regstration for 6275980470040138142 for event hr161213
Thu, 08 Dec 2016 12:38:41 +0100	INFO	Sent confirmation mail to petra.prekrat@gmail.com
Thu, 08 Dec 2016 12:42:04 +0100	INFO	Saved regstration for 6275980470040441249 for event hr161213
Thu, 08 Dec 2016 12:42:05 +0100	INFO	Sent confirmation mail to anamarija.lovric@gmail.com
Thu, 08 Dec 2016 13:35:02 +0100	INFO	Saved regstration for 6275980470040098049 for event hr161213
Thu, 08 Dec 2016 13:35:02 +0100	INFO	Sent confirmation mail to mihaelasamarzija@gmail.com
Thu, 12 Jan 2017 14:06:00 +0100	ERROR	SQLSTATE[HY000] [1049] Unknown database 'family_hr_event' in C:\Users\ibrahim.alali\code\events_at\TEST_DB\inc\base.inc.php on line 10
Thu, 12 Jan 2017 14:21:49 +0100	ERROR	Undefined variable: eventCodes in C:\Users\ibrahim.alali\code\events_at\TEST_DB\hr161213\event.php on line 9
Thu, 12 Jan 2017 14:22:44 +0100	ERROR	Use of undefined constant MYSQL_HOST - assumed 'MYSQL_HOST' in C:\Users\ibrahim.alali\code\events_at\TEST_DB\inc\base.inc.php on line 10
Thu, 12 Jan 2017 14:22:45 +0100	ERROR	Use of undefined constant MYSQL_HOST - assumed 'MYSQL_HOST' in C:\Users\ibrahim.alali\code\events_at\TEST_DB\inc\base.inc.php on line 10
Thu, 12 Jan 2017 14:22:46 +0100	ERROR	Use of undefined constant MYSQL_HOST - assumed 'MYSQL_HOST' in C:\Users\ibrahim.alali\code\events_at\TEST_DB\inc\base.inc.php on line 10
Thu, 12 Jan 2017 14:22:46 +0100	ERROR	Use of undefined constant MYSQL_HOST - assumed 'MYSQL_HOST' in C:\Users\ibrahim.alali\code\events_at\TEST_DB\inc\base.inc.php on line 10
Thu, 12 Jan 2017 14:22:46 +0100	ERROR	Use of undefined constant MYSQL_HOST - assumed 'MYSQL_HOST' in C:\Users\ibrahim.alali\code\events_at\TEST_DB\inc\base.inc.php on line 10
Thu, 12 Jan 2017 14:22:46 +0100	ERROR	Use of undefined constant MYSQL_HOST - assumed 'MYSQL_HOST' in C:\Users\ibrahim.alali\code\events_at\TEST_DB\inc\base.inc.php on line 10
Thu, 12 Jan 2017 14:22:47 +0100	ERROR	Use of undefined constant MYSQL_HOST - assumed 'MYSQL_HOST' in C:\Users\ibrahim.alali\code\events_at\TEST_DB\inc\base.inc.php on line 10
Thu, 12 Jan 2017 14:22:47 +0100	ERROR	Use of undefined constant MYSQL_HOST - assumed 'MYSQL_HOST' in C:\Users\ibrahim.alali\code\events_at\TEST_DB\inc\base.inc.php on line 10
Thu, 12 Jan 2017 14:22:47 +0100	ERROR	Use of undefined constant MYSQL_HOST - assumed 'MYSQL_HOST' in C:\Users\ibrahim.alali\code\events_at\TEST_DB\inc\base.inc.php on line 10
Thu, 12 Jan 2017 14:22:47 +0100	ERROR	Use of undefined constant MYSQL_HOST - assumed 'MYSQL_HOST' in C:\Users\ibrahim.alali\code\events_at\TEST_DB\inc\base.inc.php on line 10
Thu, 12 Jan 2017 14:22:48 +0100	ERROR	Use of undefined constant MYSQL_HOST - assumed 'MYSQL_HOST' in C:\Users\ibrahim.alali\code\events_at\TEST_DB\inc\base.inc.php on line 10
Thu, 12 Jan 2017 14:22:48 +0100	ERROR	Use of undefined constant MYSQL_HOST - assumed 'MYSQL_HOST' in C:\Users\ibrahim.alali\code\events_at\TEST_DB\inc\base.inc.php on line 10
Thu, 12 Jan 2017 14:22:48 +0100	ERROR	Use of undefined constant MYSQL_HOST - assumed 'MYSQL_HOST' in C:\Users\ibrahim.alali\code\events_at\TEST_DB\inc\base.inc.php on line 10
Thu, 12 Jan 2017 14:22:48 +0100	ERROR	Use of undefined constant MYSQL_HOST - assumed 'MYSQL_HOST' in C:\Users\ibrahim.alali\code\events_at\TEST_DB\inc\base.inc.php on line 10
Thu, 12 Jan 2017 14:22:48 +0100	ERROR	Use of undefined constant MYSQL_HOST - assumed 'MYSQL_HOST' in C:\Users\ibrahim.alali\code\events_at\TEST_DB\inc\base.inc.php on line 10
Thu, 12 Jan 2017 14:22:49 +0100	ERROR	Use of undefined constant MYSQL_HOST - assumed 'MYSQL_HOST' in C:\Users\ibrahim.alali\code\events_at\TEST_DB\inc\base.inc.php on line 10
Thu, 12 Jan 2017 14:22:49 +0100	ERROR	Use of undefined constant MYSQL_HOST - assumed 'MYSQL_HOST' in C:\Users\ibrahim.alali\code\events_at\TEST_DB\inc\base.inc.php on line 10
Thu, 12 Jan 2017 14:22:54 +0100	ERROR	Use of undefined constant MYSQL_HOST - assumed 'MYSQL_HOST' in C:\Users\ibrahim.alali\code\events_at\TEST_DB\inc\base.inc.php on line 10
Thu, 12 Jan 2017 14:28:06 +0100	INFO	Saved regstration for 6275980474235234512 for event hr161213
Thu, 12 Jan 2017 14:28:06 +0100	ERROR	Process could not be started [Das System kann den angegebenen Pfad nicht finden.
] in C:\Users\ibrahim.alali\code\events_at\TEST_DB\inc\Swift\classes\Swift\Transport\StreamBuffer.php on line 288
Fri, 13 Jan 2017 11:13:56 +0100	INFO	Saved regstration for 6275980474581236954 for event hr161213
Fri, 13 Jan 2017 11:14:01 +0100	ERROR	Process could not be started [Das System kann den angegebenen Pfad nicht finden.
] in C:\Users\ibrahim.alali\code\events_at\TEST_DB\inc\Swift\classes\Swift\Transport\StreamBuffer.php on line 288
Thu, 19 Jan 2017 12:59:03 +0000	ERROR	Unbekannter Event-Code: "hr161213" in C:\wamp64\www\events_v3\PHP\inc1\base.inc.php on line 39
Thu, 19 Jan 2017 12:59:34 +0000	ERROR	Unbekannter Event-Code: "hr161213" in C:\wamp64\www\events_v3\PHP\inc1\base.inc.php on line 39
Thu, 19 Jan 2017 13:02:57 +0000	ERROR	Unbekannter Event-Code: "hr161213" in C:\wamp64\www\events_v3\PHP\inc1\base.inc.php on line 39
Thu, 19 Jan 2017 13:03:50 +0000	ERROR	Unbekannter Event-Code: "hr161213" in C:\wamp64\www\events_v3\PHP\inc1\base.inc.php on line 39
Fri, 20 Jan 2017 07:23:12 +0000	ERROR	Unbekannter Event-Code: "hr161213" in C:\wamp64\www\events_v3\PHP\inc1\base.inc.php on line 39
